Determining if the pthread_create exist failed with the following output:
Change Dir: /tmp/tmp.pcYGmWE7ZC/cmake-build-release/CMakeFiles/CMakeTmp

Run Build Command:"/usr/bin/make" "cmTC_76f7c/fast"
/usr/bin/make -f CMakeFiles/cmTC_76f7c.dir/build.make CMakeFiles/cmTC_76f7c.dir/build
make[1]: Entering directory '/tmp/tmp.pcYGmWE7ZC/cmake-build-release/CMakeFiles/CMakeTmp'
Building C object CMakeFiles/cmTC_76f7c.dir/CheckSymbolExists.c.o
/usr/bin/cc   -std=gnu99 -o CMakeFiles/cmTC_76f7c.dir/CheckSymbolExists.c.o   -c /tmp/tmp.pcYGmWE7ZC/cmake-build-release/CMakeFiles/CMakeTmp/CheckSymbolExists.c
Linking C executable cmTC_76f7c
/usr/bin/cmake -E cmake_link_script CMakeFiles/cmTC_76f7c.dir/link.txt --verbose=1
/usr/bin/cc      CMakeFiles/cmTC_76f7c.dir/CheckSymbolExists.c.o  -o cmTC_76f7c 
/usr/bin/ld: CMakeFiles/cmTC_76f7c.dir/CheckSymbolExists.c.o: in function `main':
CheckSymbolExists.c:(.text+0x14): undefined reference to `pthread_create'
/usr/bin/ld: CheckSymbolExists.c:(.text+0x18): undefined reference to `pthread_create'
collect2: error: ld returned 1 exit status
make[1]: *** [CMakeFiles/cmTC_76f7c.dir/build.make:87: cmTC_76f7c] Error 1
make[1]: Leaving directory '/tmp/tmp.pcYGmWE7ZC/cmake-build-release/CMakeFiles/CMakeTmp'
make: *** [Makefile:121: cmTC_76f7c/fast] Error 2

File /tmp/tmp.pcYGmWE7ZC/cmake-build-release/CMakeFiles/CMakeTmp/CheckSymbolExists.c:
/* */
#include <pthread.h>

int main(int argc, char** argv)
{
  (void)argv;
#ifndef pthread_create
  return ((int*)(&pthread_create))[argc];
#else
  (void)argc;
  return 0;
#endif
}

Determining if the function pthread_create exists in the pthreads failed with the following output:
Change Dir: /tmp/tmp.pcYGmWE7ZC/cmake-build-release/CMakeFiles/CMakeTmp

Run Build Command:"/usr/bin/make" "cmTC_d6cd3/fast"
/usr/bin/make -f CMakeFiles/cmTC_d6cd3.dir/build.make CMakeFiles/cmTC_d6cd3.dir/build
make[1]: Entering directory '/tmp/tmp.pcYGmWE7ZC/cmake-build-release/CMakeFiles/CMakeTmp'
Building C object CMakeFiles/cmTC_d6cd3.dir/CheckFunctionExists.c.o
/usr/bin/cc   -DCHECK_FUNCTION_EXISTS=pthread_create   -std=gnu99 -o CMakeFiles/cmTC_d6cd3.dir/CheckFunctionExists.c.o   -c /usr/share/cmake-3.13/Modules/CheckFunctionExists.c
Linking C executable cmTC_d6cd3
/usr/bin/cmake -E cmake_link_script CMakeFiles/cmTC_d6cd3.dir/link.txt --verbose=1
/usr/bin/cc  -DCHECK_FUNCTION_EXISTS=pthread_create    CMakeFiles/cmTC_d6cd3.dir/CheckFunctionExists.c.o  -o cmTC_d6cd3 -lpthreads 
/usr/bin/ld: cannot find -lpthreads
collect2: error: ld returned 1 exit status
make[1]: *** [CMakeFiles/cmTC_d6cd3.dir/build.make:87: cmTC_d6cd3] Error 1
make[1]: Leaving directory '/tmp/tmp.pcYGmWE7ZC/cmake-build-release/CMakeFiles/CMakeTmp'
make: *** [Makefile:121: cmTC_d6cd3/fast] Error 2


